Reading netlist file: "E:\stuff\dekstop\pcf8575\impl\gwsynthesis\pcf8575.vg"
Parsing netlist file "E:\stuff\dekstop\pcf8575\impl\gwsynthesis\pcf8575.vg" completed
Processing netlist completed
Reading constraint file: "E:\stuff\dekstop\pcf8575\src\pcf8575.cst"
Physical Constraint parsed completed
Running placement......
[10%] Placement Phase 0 completed
[20%] Placement Phase 1 completed
[30%] Placement Phase 2 completed
[50%] Placement Phase 3 completed
Running routing......
[60%] Routing Phase 0 completed
[70%] Routing Phase 1 completed
[80%] Routing Phase 2 completed
WARN  (PR1014) : Generic routing resource will be used to clock signal 'clk_27Mhz_d' by the specified constraint. And then it may lead to the excessive delay or skew
[90%] Routing Phase 3 completed
Running timing analysis......
[95%] Timing analysis completed
Placement and routing completed
Bitstream generation in progress......
Bitstream generation completed
Running power analysis......
[100%] Power analysis completed
Generate file "E:\stuff\dekstop\pcf8575\impl\pnr\pcf8575.power.html" completed
Generate file "E:\stuff\dekstop\pcf8575\impl\pnr\pcf8575.pin.html" completed
Generate file "E:\stuff\dekstop\pcf8575\impl\pnr\pcf8575.rpt.html" completed
Generate file "E:\stuff\dekstop\pcf8575\impl\pnr\pcf8575.rpt.txt" completed
Generate file "E:\stuff\dekstop\pcf8575\impl\pnr\pcf8575.tr.html" completed
Fri Jan 16 19:13:05 2026

